# JRE version: OpenJDK Runtime Environment Temurin-21.0.6+7 (21.0.6+7) (build 21.0.6+7-LTS)
# Java VM: OpenJDK 64-Bit Server VM Temurin-21.0.6+7 (21.0.6+7-LTS, mixed mode, sharing, tiered, compressed oops, compressed class ptrs, parallel gc, windows-amd64)
GC Precious Log:
 CardTable entry size: 512
 CPUs: 16 total, 16 available
 Memory: 16068M
 Large Page Support: Disabled
 NUMA Support: Disabled
 Compressed Oops: Enabled (32-bit)
 Alignments: Space 512K, Generation 512K, Heap 2M
 Heap Min Capacity: 100M
 Heap Initial Capacity: 100M
 Heap Max Capacity: 1G
 Pre-touch: Disabled
 Parallel Workers: 13
Heap:
 PSYoungGen      total 9216K, used 3565K [0x00000000eab00000, 0x00000000eb600000, 0x0000000100000000)
  eden space 7168K, 27% used [0x00000000eab00000,0x00000000eacf3bd0,0x00000000eb200000)
  from space 2048K, 76% used [0x00000000eb400000,0x00000000eb587848,0x00000000eb600000)
  to   space 2048K, 0% used [0x00000000eb200000,0x00000000eb200000,0x00000000eb400000)
 ParOldGen       total 683008K, used 682855K [0x00000000c0000000, 0x00000000e9b00000, 0x00000000eab00000)
  object space 683008K, 99% used [0x00000000c0000000,0x00000000e9ad9f78,0x00000000e9b00000)
 Metaspace       used 73666K, committed 75136K, reserved 1179648K
  class space    used 7807K, committed 8448K, reserved 1048576K
GC Heap History (20 events):
Event: 36.356 GC heap before
{Heap before GC invocations=990 (full 3):
 PSYoungGen      total 7680K, used 7334K [0x00000000eab00000, 0x00000000eb400000, 0x0000000100000000)
  eden space 6144K, 100% used [0x00000000eab00000,0x00000000eb100000,0x00000000eb100000)
  from space 1536K, 77% used [0x00000000eb280000,0x00000000eb3a98c8,0x00000000eb400000)
  to   space 1536K, 0% used [0x00000000eb100000,0x00000000eb100000,0x00000000eb280000)
 ParOldGen       total 665600K, used 665305K [0x00000000c0000000, 0x00000000e8a00000, 0x00000000eab00000)
  object space 665600K, 99% used [0x00000000c0000000,0x00000000e89b6510,0x00000000e8a00000)
 Metaspace       used 73150K, committed 74624K, reserved 1179648K
  class space    used 7758K, committed 8384K, reserved 1048576K
}
Event: 36.357 GC heap after
{Heap after GC invocations=990 (full 3):
 PSYoungGen      total 7680K, used 1028K [0x00000000eab00000, 0x00000000eb400000, 0x0000000100000000)
  eden space 6144K, 0% used [0x00000000eab00000,0x00000000eab00000,0x00000000eb100000)
  from space 1536K, 66% used [0x00000000eb100000,0x00000000eb201060,0x00000000eb280000)
  to   space 1536K, 0% used [0x00000000eb280000,0x00000000eb280000,0x00000000eb400000)
 ParOldGen       total 666624K, used 666332K [0x00000000c0000000, 0x00000000e8b00000, 0x00000000eab00000)
  object space 666624K, 99% used [0x00000000c0000000,0x00000000e8ab7268,0x00000000e8b00000)
 Metaspace       used 73150K, committed 74624K, reserved 1179648K
  class space    used 7758K, committed 8384K, reserved 1048576K
}
Event: 36.366 GC heap before
{Heap before GC invocations=991 (full 3):
 PSYoungGen      total 7680K, used 7172K [0x00000000eab00000, 0x00000000eb400000, 0x0000000100000000)
  eden space 6144K, 100% used [0x00000000eab00000,0x00000000eb100000,0x00000000eb100000)
  from space 1536K, 66% used [0x00000000eb100000,0x00000000eb201060,0x00000000eb280000)
  to   space 1536K, 0% used [0x00000000eb280000,0x00000000eb280000,0x00000000eb400000)
 ParOldGen       total 666624K, used 666332K [0x00000000c0000000, 0x00000000e8b00000, 0x00000000eab00000)
  object space 666624K, 99% used [0x00000000c0000000,0x00000000e8ab7268,0x00000000e8b00000)
 Metaspace       used 73150K, committed 74624K, reserved 1179648K
  class space    used 7758K, committed 8384K, reserved 1048576K
}
Event: 36.367 GC heap after
{Heap after GC invocations=991 (full 3):
 PSYoungGen      total 7168K, used 817K [0x00000000eab00000, 0x00000000eb380000, 0x0000000100000000)
  eden space 6144K, 0% used [0x00000000eab00000,0x00000000eab00000,0x00000000eb100000)
  from space 1024K, 79% used [0x00000000eb280000,0x00000000eb34c480,0x00000000eb380000)
  to   space 1024K, 0% used [0x00000000eb180000,0x00000000eb180000,0x00000000eb280000)
 ParOldGen       total 667648K, used 667247K [0x00000000c0000000, 0x00000000e8c00000, 0x00000000eab00000)
  object space 667648K, 99% used [0x00000000c0000000,0x00000000e8b9bc90,0x00000000e8c00000)
 Metaspace       used 73150K, committed 74624K, reserved 1179648K
  class space    used 7758K, committed 8384K, reserved 1048576K
}
Event: 36.375 GC heap before
{Heap before GC invocations=992 (full 3):
 PSYoungGen      total 7168K, used 6961K [0x00000000eab00000, 0x00000000eb380000, 0x0000000100000000)
  eden space 6144K, 100% used [0x00000000eab00000,0x00000000eb100000,0x00000000eb100000)
  from space 1024K, 79% used [0x00000000eb280000,0x00000000eb34c480,0x00000000eb380000)
  to   space 1024K, 0% used [0x00000000eb180000,0x00000000eb180000,0x00000000eb280000)
 ParOldGen       total 667648K, used 667247K [0x00000000c0000000, 0x00000000e8c00000, 0x00000000eab00000)
  object space 667648K, 99% used [0x00000000c0000000,0x00000000e8b9bc90,0x00000000e8c00000)
 Metaspace       used 73150K, committed 74624K, reserved 1179648K
  class space    used 7758K, committed 8384K, reserved 1048576K
}
Event: 36.376 GC heap after
{Heap after GC invocations=992 (full 3):
 PSYoungGen      total 7168K, used 1017K [0x00000000eab00000, 0x00000000eb500000, 0x0000000100000000)
  eden space 6144K, 0% used [0x00000000eab00000,0x00000000eab00000,0x00000000eb100000)
  from space 1024K, 99% used [0x00000000eb180000,0x00000000eb27e4b0,0x00000000eb280000)
  to   space 2048K, 0% used [0x00000000eb300000,0x00000000eb300000,0x00000000eb500000)
 ParOldGen       total 668160K, used 667944K [0x00000000c0000000, 0x00000000e8c80000, 0x00000000eab00000)
  object space 668160K, 99% used [0x00000000c0000000,0x00000000e8c4a350,0x00000000e8c80000)
 Metaspace       used 73150K, committed 74624K, reserved 1179648K
  class space    used 7758K, committed 8384K, reserved 1048576K
}
Event: 36.383 GC heap before
{Heap before GC invocations=993 (full 3):
 PSYoungGen      total 7168K, used 7146K [0x00000000eab00000, 0x00000000eb500000, 0x0000000100000000)
  eden space 6144K, 99% used [0x00000000eab00000,0x00000000eb0fc5a8,0x00000000eb100000)
  from space 1024K, 99% used [0x00000000eb180000,0x00000000eb27e4b0,0x00000000eb280000)
  to   space 2048K, 0% used [0x00000000eb300000,0x00000000eb300000,0x00000000eb500000)
 ParOldGen       total 668160K, used 667944K [0x00000000c0000000, 0x00000000e8c80000, 0x00000000eab00000)
  object space 668160K, 99% used [0x00000000c0000000,0x00000000e8c4a350,0x00000000e8c80000)
 Metaspace       used 73150K, committed 74624K, reserved 1179648K
  class space    used 7758K, committed 8384K, reserved 1048576K
}
Event: 36.384 GC heap after
{Heap after GC invocations=993 (full 3):
 PSYoungGen      total 7168K, used 921K [0x00000000eab00000, 0x00000000eb400000, 0x0000000100000000)
  eden space 6144K, 0% used [0x00000000eab00000,0x00000000eab00000,0x00000000eb100000)
  from space 1024K, 89% used [0x00000000eb300000,0x00000000eb3e6460,0x00000000eb400000)
  to   space 1536K, 0% used [0x00000000eb100000,0x00000000eb100000,0x00000000eb280000)
 ParOldGen       total 669184K, used 668801K [0x00000000c0000000, 0x00000000e8d80000, 0x00000000eab00000)
  object space 669184K, 99% used [0x00000000c0000000,0x00000000e8d20680,0x00000000e8d80000)
 Metaspace       used 73150K, committed 74624K, reserved 1179648K
  class space    used 7758K, committed 8384K, reserved 1048576K
}
Event: 36.394 GC heap before
{Heap before GC invocations=994 (full 3):
 PSYoungGen      total 7168K, used 7065K [0x00000000eab00000, 0x00000000eb400000, 0x0000000100000000)
  eden space 6144K, 100% used [0x00000000eab00000,0x00000000eb100000,0x00000000eb100000)
  from space 1024K, 89% used [0x00000000eb300000,0x00000000eb3e6460,0x00000000eb400000)
  to   space 1536K, 0% used [0x00000000eb100000,0x00000000eb100000,0x00000000eb280000)
 ParOldGen       total 669184K, used 668801K [0x00000000c0000000, 0x00000000e8d80000, 0x00000000eab00000)
  object space 669184K, 99% used [0x00000000c0000000,0x00000000e8d20680,0x00000000e8d80000)
 Metaspace       used 73150K, committed 74624K, reserved 1179648K
  class space    used 7758K, committed 8384K, reserved 1048576K
}
Event: 36.395 GC heap after
{Heap after GC invocations=994 (full 3):
 PSYoungGen      total 7680K, used 831K [0x00000000eab00000, 0x00000000eb380000, 0x0000000100000000)
  eden space 6144K, 0% used [0x00000000eab00000,0x00000000eab00000,0x00000000eb100000)
  from space 1536K, 54% used [0x00000000eb100000,0x00000000eb1cfc20,0x00000000eb280000)
  to   space 1024K, 0% used [0x00000000eb280000,0x00000000eb280000,0x00000000eb380000)
 ParOldGen       total 669696K, used 669558K [0x00000000c0000000, 0x00000000e8e00000, 0x00000000eab00000)
  object space 669696K, 99% used [0x00000000c0000000,0x00000000e8ddda38,0x00000000e8e00000)
 Metaspace       used 73150K, committed 74624K, reserved 1179648K
  class space    used 7758K, committed 8384K, reserved 1048576K
}
Event: 36.402 GC heap before
{Heap before GC invocations=995 (full 3):
 PSYoungGen      total 7680K, used 6975K [0x00000000eab00000, 0x00000000eb380000, 0x0000000100000000)
  eden space 6144K, 100% used [0x00000000eab00000,0x00000000eb100000,0x00000000eb100000)
  from space 1536K, 54% used [0x00000000eb100000,0x00000000eb1cfc20,0x00000000eb280000)
  to   space 1024K, 0% used [0x00000000eb280000,0x00000000eb280000,0x00000000eb380000)
 ParOldGen       total 669696K, used 669558K [0x00000000c0000000, 0x00000000e8e00000, 0x00000000eab00000)
  object space 669696K, 99% used [0x00000000c0000000,0x00000000e8ddda38,0x00000000e8e00000)
 Metaspace       used 73150K, committed 74624K, reserved 1179648K
  class space    used 7758K, committed 8384K, reserved 1048576K
}
Event: 36.403 GC heap after
{Heap after GC invocations=995 (full 3):
 PSYoungGen      total 6656K, used 994K [0x00000000eab00000, 0x00000000eb500000, 0x0000000100000000)
  eden space 5632K, 0% used [0x00000000eab00000,0x00000000eab00000,0x00000000eb080000)
  from space 1024K, 97% used [0x00000000eb280000,0x00000000eb378af0,0x00000000eb380000)
  to   space 2048K, 0% used [0x00000000eb080000,0x00000000eb080000,0x00000000eb280000)
 ParOldGen       total 670720K, used 670242K [0x00000000c0000000, 0x00000000e8f00000, 0x00000000eab00000)
  object space 670720K, 99% used [0x00000000c0000000,0x00000000e8e88870,0x00000000e8f00000)
 Metaspace       used 73150K, committed 74624K, reserved 1179648K
  class space    used 7758K, committed 8384K, reserved 1048576K
}
Event: 36.409 GC heap before
{Heap before GC invocations=996 (full 3):
 PSYoungGen      total 6656K, used 6626K [0x00000000eab00000, 0x00000000eb500000, 0x0000000100000000)
  eden space 5632K, 100% used [0x00000000eab00000,0x00000000eb080000,0x00000000eb080000)
  from space 1024K, 97% used [0x00000000eb280000,0x00000000eb378af0,0x00000000eb380000)
  to   space 2048K, 0% used [0x00000000eb080000,0x00000000eb080000,0x00000000eb280000)
 ParOldGen       total 670720K, used 670242K [0x00000000c0000000, 0x00000000e8f00000, 0x00000000eab00000)
  object space 670720K, 99% used [0x00000000c0000000,0x00000000e8e88870,0x00000000e8f00000)
 Metaspace       used 73150K, committed 74624K, reserved 1179648K
  class space    used 7758K, committed 8384K, reserved 1048576K
}
Event: 36.410 GC heap after
{Heap after GC invocations=996 (full 3):
 PSYoungGen      total 7168K, used 1257K [0x00000000eab00000, 0x00000000eb380000, 0x0000000100000000)
  eden space 5632K, 0% used [0x00000000eab00000,0x00000000eab00000,0x00000000eb080000)
  from space 1536K, 81% used [0x00000000eb080000,0x00000000eb1ba6e8,0x00000000eb200000)
  to   space 1536K, 0% used [0x00000000eb200000,0x00000000eb200000,0x00000000eb380000)
 ParOldGen       total 671232K, used 671186K [0x00000000c0000000, 0x00000000e8f80000, 0x00000000eab00000)
  object space 671232K, 99% used [0x00000000c0000000,0x00000000e8f74a18,0x00000000e8f80000)
 Metaspace       used 73150K, committed 74624K, reserved 1179648K
  class space    used 7758K, committed 8384K, reserved 1048576K
}
Event: 36.417 GC heap before
{Heap before GC invocations=997 (full 3):
 PSYoungGen      total 7168K, used 6889K [0x00000000eab00000, 0x00000000eb380000, 0x0000000100000000)
  eden space 5632K, 100% used [0x00000000eab00000,0x00000000eb080000,0x00000000eb080000)
  from space 1536K, 81% used [0x00000000eb080000,0x00000000eb1ba6e8,0x00000000eb200000)
  to   space 1536K, 0% used [0x00000000eb200000,0x00000000eb200000,0x00000000eb380000)
 ParOldGen       total 671232K, used 671186K [0x00000000c0000000, 0x00000000e8f80000, 0x00000000eab00000)
  object space 671232K, 99% used [0x00000000c0000000,0x00000000e8f74a18,0x00000000e8f80000)
 Metaspace       used 73150K, committed 74624K, reserved 1179648K
  class space    used 7758K, committed 8384K, reserved 1048576K
}
Event: 36.419 GC heap after
{Heap after GC invocations=997 (full 3):
 PSYoungGen      total 7168K, used 1114K [0x00000000eab00000, 0x00000000eb380000, 0x0000000100000000)
  eden space 5632K, 0% used [0x00000000eab00000,0x00000000eab00000,0x00000000eb080000)
  from space 1536K, 72% used [0x00000000eb200000,0x00000000eb316930,0x00000000eb380000)
  to   space 1536K, 0% used [0x00000000eb080000,0x00000000eb080000,0x00000000eb200000)
 ParOldGen       total 672256K, used 672180K [0x00000000c0000000, 0x00000000e9080000, 0x00000000eab00000)
  object space 672256K, 99% used [0x00000000c0000000,0x00000000e906d3c0,0x00000000e9080000)
 Metaspace       used 73150K, committed 74624K, reserved 1179648K
  class space    used 7758K, committed 8384K, reserved 1048576K
}
Event: 36.425 GC heap before
{Heap before GC invocations=998 (full 3):
 PSYoungGen      total 7168K, used 6746K [0x00000000eab00000, 0x00000000eb380000, 0x0000000100000000)
  eden space 5632K, 100% used [0x00000000eab00000,0x00000000eb080000,0x00000000eb080000)
  from space 1536K, 72% used [0x00000000eb200000,0x00000000eb316930,0x00000000eb380000)
  to   space 1536K, 0% used [0x00000000eb080000,0x00000000eb080000,0x00000000eb200000)
 ParOldGen       total 672256K, used 672180K [0x00000000c0000000, 0x00000000e9080000, 0x00000000eab00000)
  object space 672256K, 99% used [0x00000000c0000000,0x00000000e906d3c0,0x00000000e9080000)
 Metaspace       used 73150K, committed 74624K, reserved 1179648K
  class space    used 7758K, committed 8384K, reserved 1048576K
}
Event: 37.428 GC heap after
{Heap after GC invocations=998 (full 3):
 PSYoungGen      total 7168K, used 970K [0x00000000eab00000, 0x00000000eb500000, 0x0000000100000000)
  eden space 5632K, 0% used [0x00000000eab00000,0x00000000eab00000,0x00000000eb080000)
  from space 1536K, 63% used [0x00000000eb080000,0x00000000eb172a20,0x00000000eb200000)
  to   space 1536K, 0% used [0x00000000eb380000,0x00000000eb380000,0x00000000eb500000)
 ParOldGen       total 673280K, used 673224K [0x00000000c0000000, 0x00000000e9180000, 0x00000000eab00000)
  object space 673280K, 99% used [0x00000000c0000000,0x00000000e9172288,0x00000000e9180000)
 Metaspace       used 73150K, committed 74624K, reserved 1179648K
  class space    used 7758K, committed 8384K, reserved 1048576K
}
Event: 37.434 GC heap before
{Heap before GC invocations=999 (full 3):
 PSYoungGen      total 7168K, used 6602K [0x00000000eab00000, 0x00000000eb500000, 0x0000000100000000)
  eden space 5632K, 100% used [0x00000000eab00000,0x00000000eb080000,0x00000000eb080000)
  from space 1536K, 63% used [0x00000000eb080000,0x00000000eb172a20,0x00000000eb200000)
  to   space 1536K, 0% used [0x00000000eb380000,0x00000000eb380000,0x00000000eb500000)
 ParOldGen       total 673280K, used 673224K [0x00000000c0000000, 0x00000000e9180000, 0x00000000eab00000)
  object space 673280K, 99% used [0x00000000c0000000,0x00000000e9172288,0x00000000e9180000)
 Metaspace       used 73150K, committed 74624K, reserved 1179648K
  class space    used 7758K, committed 8384K, reserved 1048576K
}
Event: 37.435 GC heap after
{Heap after GC invocations=999 (full 3):
 PSYoungGen      total 8192K, used 996K [0x00000000eab00000, 0x00000000eb480000, 0x0000000100000000)
  eden space 7168K, 0% used [0x00000000eab00000,0x00000000eab00000,0x00000000eb200000)
  from space 1024K, 97% used [0x00000000eb380000,0x00000000eb4792e8,0x00000000eb480000)
  to   space 1024K, 0% used [0x00000000eb280000,0x00000000eb280000,0x00000000eb380000)
 ParOldGen       total 674304K, used 673987K [0x00000000c0000000, 0x00000000e9280000, 0x00000000eab00000)
  object space 674304K, 99% used [0x00000000c0000000,0x00000000e9230e08,0x00000000e9280000)
 Metaspace       used 73150K, committed 74624K, reserved 1179648K
  class space    used 7758K, committed 8384K, reserved 1048576K
}

